2025-12-02 10:46:45,067 - INFO - Download directory: C:\Users\j.shaw\invoices-denise\ITC\invoices
2025-12-02 10:46:45,067 - INFO - ======================================================================
2025-12-02 10:46:45,067 - INFO - === ROGERS INVOICE DOWNLOADER ===
2025-12-02 10:46:45,067 - INFO - ======================================================================
2025-12-02 10:46:45,068 - INFO - Target Account: #3
2025-12-02 10:46:45,068 - INFO - ======================================================================
2025-12-02 10:46:45,933 - INFO - Browser launched
2025-12-02 10:46:46,175 - INFO - Performing login...
2025-12-02 10:46:46,175 - INFO - Username: dgill@inlandgroup.ca
2025-12-02 10:46:46,176 - INFO - Navigating to: https://www.rogers.com/consumer/self-serve/overview
2025-12-02 10:46:56,722 - INFO - Login button clicked
2025-12-02 10:47:26,730 - WARNING - Page load timeout - continuing anyway
2025-12-02 10:47:26,938 - INFO - Login successful!
2025-12-02 10:47:26,938 - INFO - Selecting account #3...
2025-12-02 10:47:27,571 - INFO - Selected account #3
2025-12-02 10:47:28,556 - INFO - Account page loaded for account #3
2025-12-02 10:47:33,125 - INFO - Clicked 'View your Bill' for account #3
2025-12-02 10:47:33,546 - INFO - Bill page loaded for account #3
2025-12-02 10:47:34,972 - INFO - Downloading invoice for account #3...
2025-12-02 10:47:37,878 - INFO - Clicked 'Save PDF'
2025-12-02 10:47:40,849 - INFO - Clicked 'Download bills'
2025-12-02 10:47:41,376 - INFO - Successfully downloaded: rogers_account_3_20251202_104740_Rogers-2025-11-15.pdf
2025-12-02 10:47:41,377 - INFO - Saved to: C:\Users\j.shaw\invoices-denise\ITC\invoices\rogers_account_3_20251202_104740_Rogers-2025-11-15.pdf
2025-12-02 10:47:41,377 - INFO - Closing browser...
2025-12-02 10:47:42,095 - INFO - SUCCESS: ITC\invoices\rogers_account_3_20251202_104740_Rogers-2025-11-15.pdf
